epoch,loss,ppl,accuracy
0,  4.94154, 139.98535, 20.682
1,  4.10728, 60.78095, 32.407
2,  3.74066, 42.12567, 35.902
3,  3.44192, 31.24674, 38.421
4,  3.17690, 23.97228, 41.009
5,  2.97456, 19.58103, 42.771
6,  2.79879, 16.42474, 44.797
7,  2.62189, 13.76171, 47.466
8,  2.45374, 11.63180, 50.276
9,  2.37808, 10.78417, 51.412
10,  2.26966, 9.67615, 53.434
11,  2.19002, 8.93543, 54.790
12,  2.13403, 8.44887, 55.925
13,  2.02818, 7.60026, 58.363
14,  1.96255, 7.11749, 59.596
15,  1.92383, 6.84713, 60.549
16,  1.87925, 6.54861, 61.619
17,  1.83475, 6.26354, 62.686
18,  1.78057, 5.93321, 63.763
19,  1.73530, 5.67063, 64.750
20,  1.68448, 5.38962, 66.048
21,  1.69572, 5.45055, 65.858
22,  1.64201, 5.16555, 67.105
23,  1.63563, 5.13271, 67.234
24,  1.59750, 4.94067, 68.076
25,  1.59271, 4.91704, 68.446
26,  1.52178, 4.58037, 69.874
27,  1.46934, 4.34637, 70.960
28,  1.44760, 4.25289, 71.489
29,  1.40224, 4.06428, 72.350
30,  1.39225, 4.02388, 72.584
31,  1.35287, 3.86851, 73.576
32,  1.29475, 3.65010, 74.720
33,  1.29518, 3.65165, 74.783
34,  1.26786, 3.55325, 75.393
35,  1.23499, 3.43835, 76.157
36,  1.19316, 3.29747, 76.917
37,  1.19167, 3.29256, 77.085
38,  1.15414, 3.17130, 77.802
39,  1.13449, 3.10959, 78.403
40,  1.12016, 3.06533, 78.810
41,  1.08462, 2.95832, 79.535
42,  1.06061, 2.88814, 80.224
43,  1.04236, 2.83589, 80.463
44,  1.01505, 2.75949, 81.187
45,  0.99698, 2.71009, 81.580
46,  0.93469, 2.54642, 82.955
47,  0.95674, 2.60321, 82.361
48,  0.95305, 2.59361, 82.633
49,  0.93618, 2.55023, 82.911
50,  0.37854, 1.46015, 91.641
51,  0.26278, 1.30055, 95.243
52,  0.22804, 1.25614, 96.314
53,  0.24697, 1.28014, 96.292
54,  0.26010, 1.29705, 96.072
55,  0.31300, 1.36752, 95.209
56,  0.36171, 1.43578, 94.298
57,  0.43222, 1.54067, 92.993
58,  0.49648, 1.64292, 91.765
59,  0.50502, 1.65701, 91.629
60,  0.52516, 1.69073, 91.321
61,  0.52164, 1.68479, 91.725
62,  0.49912, 1.64727, 92.271
63,  0.55965, 1.75005, 91.143
64,  0.52580, 1.69180, 91.859
65,  0.58377, 1.79278, 90.753
66,  0.56661, 1.76228, 91.355
67,  0.58491, 1.79483, 91.036
68,  0.59802, 1.81851, 90.715
69,  0.61017, 1.84075, 90.601
70,  0.61707, 1.85349, 90.610
71,  0.61767, 1.85460, 90.513
72,  0.65700, 1.92899, 89.861
73,  0.64806, 1.91184, 90.036
74,  0.68050, 1.97487, 89.444
75,  0.67206, 1.95828, 89.567
76,  0.63953, 1.89560, 90.124
77,  0.62128, 1.86131, 90.419
78,  0.65136, 1.91815, 89.920
79,  0.62639, 1.87085, 90.431
80,  0.63312, 1.88347, 90.146
81,  0.61917, 1.85739, 90.553
82,  0.61588, 1.85128, 90.582
83,  0.59035, 1.80462, 90.932
84,  0.58105, 1.78791, 91.101
85,  0.54232, 1.71999, 91.699
86,  0.54828, 1.73028, 91.809
87,  0.55742, 1.74617, 91.673
88,  0.57320, 1.77393, 91.224
89,  0.57142, 1.77079, 91.180
90,  0.57135, 1.77066, 91.269
91,  0.56614, 1.76145, 91.446
92,  0.54540, 1.72529, 91.841
93,  0.53133, 1.70120, 92.010
94,  0.53471, 1.70695, 91.896
95,  0.55843, 1.74793, 91.604
96,  0.53787, 1.71235, 91.919
97,  0.51496, 1.67358, 92.280
98,  0.46686, 1.59497, 93.130
99,  0.49580, 1.64181, 92.674
100,  0.13210, 1.14122, 97.513
101,  0.07493, 1.07781, 99.059
102,  0.08314, 1.08669, 99.045
103,  0.09475, 1.09939, 98.924
104,  0.12270, 1.13054, 98.464
105,  0.15137, 1.16343, 98.105
106,  0.17321, 1.18911, 97.787
107,  0.19482, 1.21509, 97.475
108,  0.22596, 1.25353, 96.974
109,  0.24953, 1.28343, 96.678
110,  0.26522, 1.30372, 96.492
111,  0.28020, 1.32340, 96.336
112,  0.27970, 1.32273, 96.409
113,  0.28750, 1.33308, 96.351
114,  0.30402, 1.35529, 96.031
115,  0.32985, 1.39075, 95.675
116,  0.34549, 1.41269, 95.428
117,  0.36906, 1.44637, 95.019
118,  0.36149, 1.43547, 95.147
119,  0.37629, 1.45688, 94.999
120,  0.37871, 1.46040, 94.916
121,  0.37468, 1.45452, 95.105
122,  0.38426, 1.46852, 94.914
123,  0.38188, 1.46504, 94.978
124,  0.40577, 1.50046, 94.499
125,  0.43501, 1.54498, 94.114
126,  0.42157, 1.52435, 94.220
127,  0.43148, 1.53953, 94.034
128,  0.43488, 1.54478, 94.043
129,  0.41022, 1.50715, 94.404
130,  0.39298, 1.48139, 94.711
131,  0.39191, 1.47981, 94.669
132,  0.39512, 1.48456, 94.627
133,  0.39381, 1.48262, 94.696
134,  0.40157, 1.49417, 94.476
135,  0.38018, 1.46255, 94.771
136,  0.37036, 1.44826, 94.937
137,  0.38591, 1.47096, 94.713
138,  0.37592, 1.45633, 94.824
139,  0.35975, 1.43297, 95.076
140,  0.34459, 1.41141, 95.309
141,  0.37280, 1.45179, 94.849
142,  0.37603, 1.45649, 94.930
143,  0.37556, 1.45580, 94.914
144,  0.36771, 1.44442, 94.959
145,  0.34632, 1.41386, 95.267
146,  0.33997, 1.40491, 95.417
147,  0.35355, 1.42412, 95.143
148,  0.32412, 1.38281, 95.640
149,  0.34616, 1.41363, 95.242
150,  0.08727, 1.09120, 98.393
151,  0.04838, 1.04957, 99.450
152,  0.05190, 1.05327, 99.517
153,  0.06432, 1.06644, 99.369
154,  0.08030, 1.08361, 99.142
155,  0.10128, 1.10659, 98.855
156,  0.11025, 1.11656, 98.776
157,  0.12411, 1.13214, 98.582
158,  0.14254, 1.15320, 98.300
159,  0.14787, 1.15936, 98.273
160,  0.16406, 1.17829, 98.091
161,  0.16428, 1.17855, 98.116
162,  0.17267, 1.18848, 97.985
163,  0.19331, 1.21326, 97.653
164,  0.20071, 1.22227, 97.598
165,  0.21323, 1.23766, 97.460
166,  0.20835, 1.23165, 97.584
167,  0.21646, 1.24168, 97.488
168,  0.23688, 1.26729, 97.098
169,  0.24039, 1.27175, 97.124
170,  0.25439, 1.28968, 96.930
171,  0.25173, 1.28625, 96.941
172,  0.27598, 1.31782, 96.564
173,  0.28162, 1.32527, 96.573
174,  0.27382, 1.31498, 96.695
175,  0.29663, 1.34532, 96.238
176,  0.29851, 1.34784, 96.190
177,  0.30686, 1.35915, 96.150
178,  0.30649, 1.35865, 96.119
179,  0.28844, 1.33434, 96.394
180,  0.28554, 1.33048, 96.459
181,  0.28240, 1.32631, 96.384
182,  0.28811, 1.33390, 96.300
183,  0.29098, 1.33774, 96.292
184,  0.28468, 1.32934, 96.422
185,  0.26903, 1.30870, 96.561
186,  0.27966, 1.32269, 96.425
187,  0.28734, 1.33288, 96.282
188,  0.27123, 1.31157, 96.533
189,  0.27607, 1.31794, 96.559
190,  0.26226, 1.29987, 96.700
191,  0.25837, 1.29482, 96.710
192,  0.27041, 1.31050, 96.505
193,  0.29211, 1.33925, 96.252
194,  0.27379, 1.31494, 96.465
195,  0.26736, 1.30651, 96.606
196,  0.27056, 1.31070, 96.568
197,  0.27219, 1.31284, 96.487
198,  0.27528, 1.31691, 96.465
199,  0.26662, 1.30555, 96.650
